Removed Pin From Net: NetName=IN1 Pin=R3-1
Removed Pin From Net: NetName=IN2 Pin=R4-1
Removed Pin From Net: NetName=IN3 Pin=R7-1
Removed Pin From Net: NetName=IN4 Pin=R8-1
Added Pin To Net: NetName=IN1 Pin=R3-2
Added Pin To Net: NetName=IN2 Pin=R4-2
Added Pin To Net: NetName=IN3 Pin=R7-2
Added Pin To Net: NetName=IN4 Pin=R8-2
Added Pin To Net: NetName=IN3 Pin=U2-3
Added Pin To Net: NetName=IN4 Pin=U2-4
Added Pin To Net: NetName=IN2 Pin=U2-5
Added Pin To Net: NetName=IN1 Pin=U2-6
Change Net Name : Old Net Name=NetR1_1 New Net Name=VREF12
Change Net Name : Old Net Name=NetR2_1 New Net Name=VREF34
Change Net Name : Old Net Name=NetR9_1 New Net Name=PWR_RTN12
Change Net Name : Old Net Name=NetR10_1 New Net Name=PWR_RTN34
Added Pin To Net: NetName=GPIO_IN1 Pin=R3-1
Added Net: Name=GPIO_IN1
Added Pin To Net: NetName=GPIO_IN2 Pin=R4-1
Added Net: Name=GPIO_IN2
Added Pin To Net: NetName=GPIO_IN3 Pin=R7-1
Added Net: Name=GPIO_IN3
Added Pin To Net: NetName=GPIO_IN4 Pin=R8-1
Added Net: Name=GPIO_IN4
